


ARM Macro Assembler    Page 1 


    1 00000000         ;/******************************************************
                       ***********************
    2 00000000         ; * @file:    startup_LPC8xx.s
    3 00000000         ; * @purpose: CMSIS Cortex-M0+ Core Device Startup File
    4 00000000         ; *           for the NXP LPC8xx Device Series
    5 00000000         ; * @version: V1.0
    6 00000000         ; * @date:    16. Aug. 2012
    7 00000000         ; *------- <<< Use Configuration Wizard in Context Menu 
                       >>> ------------------
    8 00000000         ; *
    9 00000000         ; * Copyright (C) 2012 ARM Limited. All rights reserved.
                       
   10 00000000         ; * ARM Limited (ARM) is supplying this software for use
                        with Cortex-M0+
   11 00000000         ; * processor based microcontrollers.  This file can be 
                       freely distributed
   12 00000000         ; * within development tools that are supporting such AR
                       M based processors.
   13 00000000         ; *
   14 00000000         ; * THIS SOFTWARE IS PROVIDED "AS IS".  NO WARRANTIES, W
                       HETHER EXPRESS, IMPLIED
   15 00000000         ; * OR STATUTORY, INCLUDING, BUT NOT LIMITED TO, IMPLIED
                        WARRANTIES OF
   16 00000000         ; * MERCHANTABILITY AND FITNESS FOR A PARTICULAR PURPOSE
                        APPLY TO THIS SOFTWARE.
   17 00000000         ; * ARM SHALL NOT, IN ANY CIRCUMSTANCES, BE LIABLE FOR S
                       PECIAL, INCIDENTAL, OR
   18 00000000         ; * CONSEQUENTIAL DAMAGES, FOR ANY REASON WHATSOEVER.
   19 00000000         ; *
   20 00000000         ; ******************************************************
                       ***********************/
   21 00000000         
   22 00000000         
   23 00000000         ; <h> Stack Configuration
   24 00000000         ;   <o> Stack Size (in Bytes) <0x0-0xFFFFFFFF:8>
   25 00000000         ; </h>
   26 00000000         
   27 00000000 00000500 
                       Stack_Size
                               EQU              0x00000500
   28 00000000         
   29 00000000                 AREA             STACK, NOINIT, READWRITE, ALIGN
=3
   30 00000000         Stack_Mem
                               SPACE            Stack_Size
   31 00000500         __initial_sp
   32 00000500         
   33 00000500         
   34 00000500         ; <h> Heap Configuration
   35 00000500         ;   <o>  Heap Size (in Bytes) <0x0-0xFFFFFFFF:8>
   36 00000500         ; </h>
   37 00000500         
   38 00000500 00000000 
                       Heap_Size
                               EQU              0x00000000
   39 00000500         
   40 00000500                 AREA             HEAP, NOINIT, READWRITE, ALIGN=
3
   41 00000000         __heap_base



ARM Macro Assembler    Page 2 


   42 00000000         Heap_Mem
                               SPACE            Heap_Size
   43 00000000         __heap_limit
   44 00000000         
   45 00000000         
   46 00000000                 PRESERVE8
   47 00000000                 THUMB
   48 00000000         
   49 00000000         
   50 00000000         ; Vector Table Mapped to Address 0 at Reset
   51 00000000         
   52 00000000                 AREA             RESET, DATA, READONLY
   53 00000000                 EXPORT           __Vectors
   54 00000000         
   55 00000000 00000000 
                       __Vectors
                               DCD              __initial_sp ; Top of Stack
   56 00000004 00000000        DCD              Reset_Handler ; Reset Handler
   57 00000008 00000000        DCD              NMI_Handler ; NMI Handler
   58 0000000C 00000000        DCD              HardFault_Handler ; Hard Fault 
                                                            Handler
   59 00000010 00000000        DCD              0           ; Reserved
   60 00000014 00000000        DCD              0           ; Reserved
   61 00000018 00000000        DCD              0           ; Reserved
   62 0000001C 00000000        DCD              0           ; Reserved
   63 00000020 00000000        DCD              0           ; Reserved
   64 00000024 00000000        DCD              0           ; Reserved
   65 00000028 00000000        DCD              0           ; Reserved
   66 0000002C 00000000        DCD              SVC_Handler ; SVCall Handler
   67 00000030 00000000        DCD              0           ; Reserved
   68 00000034 00000000        DCD              0           ; Reserved
   69 00000038 00000000        DCD              PendSV_Handler ; PendSV Handler
                                                            
   70 0000003C 00000000        DCD              SysTick_Handler 
                                                            ; SysTick Handler
   71 00000040         
   72 00000040         ; External Interrupts
   73 00000040 00000000        DCD              SPI0_IRQHandler 
                                                            ; SPI0 controller
   74 00000044 00000000        DCD              SPI1_IRQHandler 
                                                            ; SPI1 controller
   75 00000048 00000000        DCD              0           ; Reserved
   76 0000004C 00000000        DCD              UART0_IRQHandler ; UART0
   77 00000050 00000000        DCD              UART1_IRQHandler ; UART1
   78 00000054 00000000        DCD              UART2_IRQHandler ; UART2
   79 00000058 00000000        DCD              0           ; Reserved
   80 0000005C 00000000        DCD              0           ; Reserved
   81 00000060 00000000        DCD              I2C_IRQHandler ; I2C controller
                                                            
   82 00000064 00000000        DCD              SCT_IRQHandler ; Smart Counter 
                                                            Timer
   83 00000068 00000000        DCD              MRT_IRQHandler 
                                                            ; Multi-Rate Timer
   84 0000006C 00000000        DCD              CMP_IRQHandler ; Comparator
   85 00000070 00000000        DCD              WDT_IRQHandler ; PIO1 (0:11)
   86 00000074 00000000        DCD              BOD_IRQHandler 
                                                            ; Brown Out Detect
   87 00000078 00000000        DCD              0           ; Reserved
   88 0000007C 00000000        DCD              WKT_IRQHandler ; Wakeup timer



ARM Macro Assembler    Page 3 


   89 00000080 00000000        DCD              0           ; Reserved
   90 00000084 00000000        DCD              0           ; Reserved
   91 00000088 00000000        DCD              0           ; Reserved
   92 0000008C 00000000        DCD              0           ; Reserved
   93 00000090 00000000        DCD              0           ; Reserved
   94 00000094 00000000        DCD              0           ; Reserved
   95 00000098 00000000        DCD              0           ; Reserved
   96 0000009C 00000000        DCD              0           ; Reserved
   97 000000A0 00000000        DCD              PININT0_IRQHandler ; PIO INT0
   98 000000A4 00000000        DCD              PININT1_IRQHandler ; PIO INT1
   99 000000A8 00000000        DCD              PININT2_IRQHandler ; PIO INT2
  100 000000AC 00000000        DCD              PININT3_IRQHandler ; PIO INT3
  101 000000B0 00000000        DCD              PININT4_IRQHandler ; PIO INT4
  102 000000B4 00000000        DCD              PININT5_IRQHandler ; PIO INT5
  103 000000B8 00000000        DCD              PININT6_IRQHandler ; PIO INT6
  104 000000BC 00000000        DCD              PININT7_IRQHandler ; PIO INT7
  105 000000C0         
  106 000000C0         
  107 000000C0                 IF               :LNOT::DEF:NO_CRP
  108 000000C0                 AREA             |.ARM.__at_0x02FC|, CODE, READO
NLY
  109 00000000 FFFFFFFF 
                       CRP_Key DCD              0xFFFFFFFF
  110 00000004                 ENDIF
  111 00000004         
  112 00000004         
  113 00000004                 AREA             |.text|, CODE, READONLY
  114 00000000         
  115 00000000         
  116 00000000         ; Reset Handler
  117 00000000         
  118 00000000         Reset_Handler
                               PROC
  119 00000000                 EXPORT           Reset_Handler             [WEAK
]
  120 00000000                 IMPORT           SystemInit
  121 00000000                 IMPORT           __main
  122 00000000 4804            LDR              R0, =SystemInit
  123 00000002 4780            BLX              R0
  124 00000004 4804            LDR              R0, =__main
  125 00000006 4700            BX               R0
  126 00000008                 ENDP
  127 00000008         
  128 00000008         
  129 00000008         ; Dummy Exception Handlers (infinite loops which can be 
                       modified)
  130 00000008         ; now, under COMMON lpc8xx_nmi.c and lpc8xx_nmi.h, a rea
                       l NMI handler is created if NMI is enabled
  131 00000008         ; for particular peripheral.
  132 00000008         ;NMI_Handler     PROC
  133 00000008         ;                EXPORT  NMI_Handler               [WEAK
                       ]
  134 00000008         ;                B       .
  135 00000008         ;                ENDP
  137 00000008         HardFault_Handler
                               PROC
  138 00000008                 EXPORT           HardFault_Handler         [WEAK
]
  139 00000008 E7FE            B                .



ARM Macro Assembler    Page 4 


  140 0000000A                 ENDP
  141 0000000A         SVC_Handler
                               PROC
  142 0000000A                 EXPORT           SVC_Handler               [WEAK
]
  143 0000000A E7FE            B                .
  144 0000000C                 ENDP
  145 0000000C         PendSV_Handler
                               PROC
  146 0000000C                 EXPORT           PendSV_Handler            [WEAK
]
  147 0000000C E7FE            B                .
  148 0000000E                 ENDP
  149 0000000E         SysTick_Handler
                               PROC
  150 0000000E                 EXPORT           SysTick_Handler           [WEAK
]
  151 0000000E E7FE            B                .
  152 00000010                 ENDP
  153 00000010         
  154 00000010         Default_Handler
                               PROC
  155 00000010         
  156 00000010                 EXPORT           NMI_Handler               [WEAK
]
  157 00000010                 EXPORT           SPI0_IRQHandler           [WEAK
]
  158 00000010                 EXPORT           SPI1_IRQHandler           [WEAK
]
  159 00000010                 EXPORT           UART0_IRQHandler          [WEAK
]
  160 00000010                 EXPORT           UART1_IRQHandler          [WEAK
]
  161 00000010                 EXPORT           UART2_IRQHandler          [WEAK
]
  162 00000010                 EXPORT           I2C_IRQHandler            [WEAK
]
  163 00000010                 EXPORT           SCT_IRQHandler            [WEAK
]
  164 00000010                 EXPORT           MRT_IRQHandler            [WEAK
]
  165 00000010                 EXPORT           CMP_IRQHandler            [WEAK
]
  166 00000010                 EXPORT           WDT_IRQHandler            [WEAK
]
  167 00000010                 EXPORT           BOD_IRQHandler            [WEAK
]
  168 00000010         
  169 00000010                 EXPORT           WKT_IRQHandler            [WEAK
]
  170 00000010         
  171 00000010                 EXPORT           PININT0_IRQHandler      [WEAK]
  172 00000010                 EXPORT           PININT1_IRQHandler      [WEAK]
  173 00000010                 EXPORT           PININT2_IRQHandler      [WEAK]
  174 00000010                 EXPORT           PININT3_IRQHandler      [WEAK]
  175 00000010                 EXPORT           PININT4_IRQHandler      [WEAK]
  176 00000010                 EXPORT           PININT5_IRQHandler      [WEAK]
  177 00000010                 EXPORT           PININT6_IRQHandler      [WEAK]
  178 00000010                 EXPORT           PININT7_IRQHandler      [WEAK]



ARM Macro Assembler    Page 5 


  179 00000010         
  180 00000010         NMI_Handler
  181 00000010         SPI0_IRQHandler
  182 00000010         SPI1_IRQHandler
  183 00000010         UART0_IRQHandler
  184 00000010         UART1_IRQHandler
  185 00000010         UART2_IRQHandler
  186 00000010         I2C_IRQHandler
  187 00000010         SCT_IRQHandler
  188 00000010         MRT_IRQHandler
  189 00000010         CMP_IRQHandler
  190 00000010         WDT_IRQHandler
  191 00000010         BOD_IRQHandler
  192 00000010         WKT_IRQHandler
  193 00000010         PININT0_IRQHandler
  194 00000010         PININT1_IRQHandler
  195 00000010         PININT2_IRQHandler
  196 00000010         PININT3_IRQHandler
  197 00000010         PININT4_IRQHandler
  198 00000010         PININT5_IRQHandler
  199 00000010         PININT6_IRQHandler
  200 00000010         PININT7_IRQHandler
  201 00000010         
  202 00000010 E7FE            B                .
  203 00000012         
  204 00000012                 ENDP
  205 00000012         
  206 00000012         
  207 00000012 00 00           ALIGN
  208 00000014         
  209 00000014         
  210 00000014         ; User Initial Stack & Heap
  211 00000014         
  212 00000014                 IF               :DEF:__MICROLIB
  213 00000014         
  214 00000014                 EXPORT           __initial_sp
  215 00000014                 EXPORT           __heap_base
  216 00000014                 EXPORT           __heap_limit
  217 00000014         
  218 00000014                 ELSE
  232                          ENDIF
  233 00000014         
  234 00000014         
  235 00000014                 END
              00000000 
              00000000 
Command Line: --debug --xref --cpu=Cortex-M0+ --apcs=interwork --depend=.\obj\s
tartup_lpc8xx.d -o.\obj\startup_lpc8xx.o -IC:\Keil\ARM\RV31\INC -IC:\Keil\ARM\C
MSIS\Include -IC:\Keil\ARM\Inc\NXP\LPC8xx --predefine="__EVAL SETA 1" --predefi
ne="__MICROLIB SETA 1" --list=.\lst\startup_lpc8xx.lst startup_LPC8xx.s



ARM Macro Assembler    Page 1 Alphabetic symbol ordering
Relocatable symbols

STACK 00000000

Symbol: STACK
   Definitions
      At line 29 in file startup_LPC8xx.s
   Uses
      None
Comment: STACK unused
Stack_Mem 00000000

Symbol: Stack_Mem
   Definitions
      At line 30 in file startup_LPC8xx.s
   Uses
      None
Comment: Stack_Mem unused
__initial_sp 00000500

Symbol: __initial_sp
   Definitions
      At line 31 in file startup_LPC8xx.s
   Uses
      At line 55 in file startup_LPC8xx.s
      At line 214 in file startup_LPC8xx.s

3 symbols



ARM Macro Assembler    Page 1 Alphabetic symbol ordering
Relocatable symbols

HEAP 00000000

Symbol: HEAP
   Definitions
      At line 40 in file startup_LPC8xx.s
   Uses
      None
Comment: HEAP unused
Heap_Mem 00000000

Symbol: Heap_Mem
   Definitions
      At line 42 in file startup_LPC8xx.s
   Uses
      None
Comment: Heap_Mem unused
__heap_base 00000000

Symbol: __heap_base
   Definitions
      At line 41 in file startup_LPC8xx.s
   Uses
      At line 215 in file startup_LPC8xx.s
Comment: __heap_base used once
__heap_limit 00000000

Symbol: __heap_limit
   Definitions
      At line 43 in file startup_LPC8xx.s
   Uses
      At line 216 in file startup_LPC8xx.s
Comment: __heap_limit used once
4 symbols



ARM Macro Assembler    Page 1 Alphabetic symbol ordering
Relocatable symbols

RESET 00000000

Symbol: RESET
   Definitions
      At line 52 in file startup_LPC8xx.s
   Uses
      None
Comment: RESET unused
__Vectors 00000000

Symbol: __Vectors
   Definitions
      At line 55 in file startup_LPC8xx.s
   Uses
      At line 53 in file startup_LPC8xx.s
Comment: __Vectors used once
2 symbols



ARM Macro Assembler    Page 1 Alphabetic symbol ordering
Relocatable symbols

.ARM.__at_0x02FC 00000000

Symbol: .ARM.__at_0x02FC
   Definitions
      At line 108 in file startup_LPC8xx.s
   Uses
      None
Comment: .ARM.__at_0x02FC unused
CRP_Key 00000000

Symbol: CRP_Key
   Definitions
      At line 109 in file startup_LPC8xx.s
   Uses
      None
Comment: CRP_Key unused
2 symbols



ARM Macro Assembler    Page 1 Alphabetic symbol ordering
Relocatable symbols

.text 00000000

Symbol: .text
   Definitions
      At line 113 in file startup_LPC8xx.s
   Uses
      None
Comment: .text unused
BOD_IRQHandler 00000010

Symbol: BOD_IRQHandler
   Definitions
      At line 191 in file startup_LPC8xx.s
   Uses
      At line 86 in file startup_LPC8xx.s
      At line 167 in file startup_LPC8xx.s

CMP_IRQHandler 00000010

Symbol: CMP_IRQHandler
   Definitions
      At line 189 in file startup_LPC8xx.s
   Uses
      At line 84 in file startup_LPC8xx.s
      At line 165 in file startup_LPC8xx.s

Default_Handler 00000010

Symbol: Default_Handler
   Definitions
      At line 154 in file startup_LPC8xx.s
   Uses
      None
Comment: Default_Handler unused
HardFault_Handler 00000008

Symbol: HardFault_Handler
   Definitions
      At line 137 in file startup_LPC8xx.s
   Uses
      At line 58 in file startup_LPC8xx.s
      At line 138 in file startup_LPC8xx.s

I2C_IRQHandler 00000010

Symbol: I2C_IRQHandler
   Definitions
      At line 186 in file startup_LPC8xx.s
   Uses
      At line 81 in file startup_LPC8xx.s
      At line 162 in file startup_LPC8xx.s

MRT_IRQHandler 00000010

Symbol: MRT_IRQHandler
   Definitions
      At line 188 in file startup_LPC8xx.s
   Uses
      At line 83 in file startup_LPC8xx.s



ARM Macro Assembler    Page 2 Alphabetic symbol ordering
Relocatable symbols

      At line 164 in file startup_LPC8xx.s

NMI_Handler 00000010

Symbol: NMI_Handler
   Definitions
      At line 180 in file startup_LPC8xx.s
   Uses
      At line 57 in file startup_LPC8xx.s
      At line 156 in file startup_LPC8xx.s

PININT0_IRQHandler 00000010

Symbol: PININT0_IRQHandler
   Definitions
      At line 193 in file startup_LPC8xx.s
   Uses
      At line 97 in file startup_LPC8xx.s
      At line 171 in file startup_LPC8xx.s

PININT1_IRQHandler 00000010

Symbol: PININT1_IRQHandler
   Definitions
      At line 194 in file startup_LPC8xx.s
   Uses
      At line 98 in file startup_LPC8xx.s
      At line 172 in file startup_LPC8xx.s

PININT2_IRQHandler 00000010

Symbol: PININT2_IRQHandler
   Definitions
      At line 195 in file startup_LPC8xx.s
   Uses
      At line 99 in file startup_LPC8xx.s
      At line 173 in file startup_LPC8xx.s

PININT3_IRQHandler 00000010

Symbol: PININT3_IRQHandler
   Definitions
      At line 196 in file startup_LPC8xx.s
   Uses
      At line 100 in file startup_LPC8xx.s
      At line 174 in file startup_LPC8xx.s

PININT4_IRQHandler 00000010

Symbol: PININT4_IRQHandler
   Definitions
      At line 197 in file startup_LPC8xx.s
   Uses
      At line 101 in file startup_LPC8xx.s
      At line 175 in file startup_LPC8xx.s

PININT5_IRQHandler 00000010

Symbol: PININT5_IRQHandler



ARM Macro Assembler    Page 3 Alphabetic symbol ordering
Relocatable symbols

   Definitions
      At line 198 in file startup_LPC8xx.s
   Uses
      At line 102 in file startup_LPC8xx.s
      At line 176 in file startup_LPC8xx.s

PININT6_IRQHandler 00000010

Symbol: PININT6_IRQHandler
   Definitions
      At line 199 in file startup_LPC8xx.s
   Uses
      At line 103 in file startup_LPC8xx.s
      At line 177 in file startup_LPC8xx.s

PININT7_IRQHandler 00000010

Symbol: PININT7_IRQHandler
   Definitions
      At line 200 in file startup_LPC8xx.s
   Uses
      At line 104 in file startup_LPC8xx.s
      At line 178 in file startup_LPC8xx.s

PendSV_Handler 0000000C

Symbol: PendSV_Handler
   Definitions
      At line 145 in file startup_LPC8xx.s
   Uses
      At line 69 in file startup_LPC8xx.s
      At line 146 in file startup_LPC8xx.s

Reset_Handler 00000000

Symbol: Reset_Handler
   Definitions
      At line 118 in file startup_LPC8xx.s
   Uses
      At line 56 in file startup_LPC8xx.s
      At line 119 in file startup_LPC8xx.s

SCT_IRQHandler 00000010

Symbol: SCT_IRQHandler
   Definitions
      At line 187 in file startup_LPC8xx.s
   Uses
      At line 82 in file startup_LPC8xx.s
      At line 163 in file startup_LPC8xx.s

SPI0_IRQHandler 00000010

Symbol: SPI0_IRQHandler
   Definitions
      At line 181 in file startup_LPC8xx.s
   Uses
      At line 73 in file startup_LPC8xx.s
      At line 157 in file startup_LPC8xx.s



ARM Macro Assembler    Page 4 Alphabetic symbol ordering
Relocatable symbols


SPI1_IRQHandler 00000010

Symbol: SPI1_IRQHandler
   Definitions
      At line 182 in file startup_LPC8xx.s
   Uses
      At line 74 in file startup_LPC8xx.s
      At line 158 in file startup_LPC8xx.s

SVC_Handler 0000000A

Symbol: SVC_Handler
   Definitions
      At line 141 in file startup_LPC8xx.s
   Uses
      At line 66 in file startup_LPC8xx.s
      At line 142 in file startup_LPC8xx.s

SysTick_Handler 0000000E

Symbol: SysTick_Handler
   Definitions
      At line 149 in file startup_LPC8xx.s
   Uses
      At line 70 in file startup_LPC8xx.s
      At line 150 in file startup_LPC8xx.s

UART0_IRQHandler 00000010

Symbol: UART0_IRQHandler
   Definitions
      At line 183 in file startup_LPC8xx.s
   Uses
      At line 76 in file startup_LPC8xx.s
      At line 159 in file startup_LPC8xx.s

UART1_IRQHandler 00000010

Symbol: UART1_IRQHandler
   Definitions
      At line 184 in file startup_LPC8xx.s
   Uses
      At line 77 in file startup_LPC8xx.s
      At line 160 in file startup_LPC8xx.s

UART2_IRQHandler 00000010

Symbol: UART2_IRQHandler
   Definitions
      At line 185 in file startup_LPC8xx.s
   Uses
      At line 78 in file startup_LPC8xx.s
      At line 161 in file startup_LPC8xx.s

WDT_IRQHandler 00000010

Symbol: WDT_IRQHandler
   Definitions



ARM Macro Assembler    Page 5 Alphabetic symbol ordering
Relocatable symbols

      At line 190 in file startup_LPC8xx.s
   Uses
      At line 85 in file startup_LPC8xx.s
      At line 166 in file startup_LPC8xx.s

WKT_IRQHandler 00000010

Symbol: WKT_IRQHandler
   Definitions
      At line 192 in file startup_LPC8xx.s
   Uses
      At line 88 in file startup_LPC8xx.s
      At line 169 in file startup_LPC8xx.s

28 symbols



ARM Macro Assembler    Page 1 Alphabetic symbol ordering
Absolute symbols

Heap_Size 00000000

Symbol: Heap_Size
   Definitions
      At line 38 in file startup_LPC8xx.s
   Uses
      At line 42 in file startup_LPC8xx.s
Comment: Heap_Size used once
Stack_Size 00000500

Symbol: Stack_Size
   Definitions
      At line 27 in file startup_LPC8xx.s
   Uses
      At line 30 in file startup_LPC8xx.s
Comment: Stack_Size used once
2 symbols



ARM Macro Assembler    Page 1 Alphabetic symbol ordering
External symbols

SystemInit 00000000

Symbol: SystemInit
   Definitions
      At line 120 in file startup_LPC8xx.s
   Uses
      At line 122 in file startup_LPC8xx.s
Comment: SystemInit used once
__main 00000000

Symbol: __main
   Definitions
      At line 121 in file startup_LPC8xx.s
   Uses
      At line 124 in file startup_LPC8xx.s
Comment: __main used once
2 symbols
379 symbols in table
